0 verbose cli C:\Program Files\nodejs\node.exe C:\Users\ASUS\AppData\Roaming\npm\node_modules\npm\bin\npm-cli.js
1 info using npm@10.2.3
2 info using node@v22.13.1
3 timing npm:load:whichnode Completed in 2ms
4 timing config:load:defaults Completed in 2ms
5 timing config:load:file:C:\Users\ASUS\AppData\Roaming\npm\node_modules\npm\npmrc Completed in 4ms
6 timing config:load:builtin Completed in 4ms
7 timing config:load:cli Completed in 3ms
8 timing config:load:env Completed in 0ms
9 timing config:load:file:D:\PetsFinder\PetsFinder\.npmrc Completed in 0ms
10 timing config:load:project Completed in 2ms
11 timing config:load:file:C:\Users\ASUS\.npmrc Completed in 1ms
12 timing config:load:user Completed in 1ms
13 timing config:load:file:C:\Users\ASUS\AppData\Roaming\npm\etc\npmrc Completed in 0ms
14 timing config:load:global Completed in 0ms
15 timing config:load:setEnvs Completed in 1ms
16 timing config:load Completed in 13ms
17 timing npm:load:configload Completed in 13ms
18 timing config:load:flatten Completed in 3ms
19 timing npm:load:mkdirpcache Completed in 3ms
20 timing npm:load:mkdirplogs Completed in 1ms
21 verbose title npm start
22 verbose argv "start" "--cache" "clear"
23 timing npm:load:setTitle Completed in 1ms
24 timing npm:load:display Completed in 0ms
25 verbose logfile logs-max:10 dir:D:\PetsFinder\PetsFinder\clear\_logs\2025-02-26T05_11_32_636Z-
26 verbose logfile D:\PetsFinder\PetsFinder\clear\_logs\2025-02-26T05_11_32_636Z-debug-0.log
27 timing npm:load:logFile Completed in 11ms
28 timing npm:load:timers Completed in 0ms
29 timing npm:load:configScope Completed in 0ms
30 timing npm:load Completed in 45ms
31 silly logfile done cleaning log files
32 http fetch GET 200 https://registry.npmjs.org/npm 776ms (cache miss)
33 http fetch GET 200 https://registry.npmjs.org/npm 816ms (cache miss)
34 timing command:run-script Completed in 100260ms
35 timing command:start Completed in 100277ms
36 notice
36 notice New [31mmajor[39m version of npm available! [31m10.2.3[39m -> [32m11.1.0[39m
36 notice Changelog: [36mhttps://github.com/npm/cli/releases/tag/v11.1.0[39m
36 notice Run [32mnpm install -g npm@11.1.0[39m to update!
36 notice
37 verbose exit 0
38 timing npm Completed in 100400ms
39 info ok
